<?xml version="1.0" encoding="UTF-8"?>
<!-- Generated by org.testng.reporters.JUnitReportReporter -->
<testsuite skipped="0" hostname="a-PC" name="tests.LoginTest" tests="1" failures="0" timestamp="2022-04-01T13:55:16 IST" time="0.681" errors="0">
  <testcase name="login" time="0.681" classname="tests.LoginTest"/>
  <system-out/>
</testsuite> <!-- tests.LoginTest -->
